Build started 9/22/2015 2:30:33 AM.
     1>Project "D:\my_documents\Visual Studio 2013\Projects\CC_CHMOD\CC_CHMOD\CC_CHMOD.vcxproj" on node 2 (Build target(s)).
     1>ClCompile:
         C:\Program Files (x86)\Microsoft Visual Studio 12.0\VC\bin\CL.exe /c /ZI /nologo /W3 /WX- /Od /Oy- /D WIN32 /D _DEBUG /D _CONSOLE /D _LIB /D _UNICODE /D UNICODE /Gm /EHsc /RTC1 /MDd /GS /fp:precise /Zc:wchar_t /Zc:forScope /Fo"Debug\\" /Fd"Debug\vc120.pdb" /Gd /TP /analyze- /errorReport:prompt Source.cpp
         Source.cpp
     1>d:\my_documents\visual studio 2013\projects\cc_chmod\cc_chmod\source.cpp(97): warning C4996: 'scanf': This function or variable may be unsafe. Consider using scanf_s instead. To disable deprecation, use _CRT_SECURE_NO_WARNINGS. See online help for details.
                 c:\program files (x86)\microsoft visual studio 12.0\vc\include\stdio.h(283) : see declaration of 'scanf'
     1>d:\my_documents\visual studio 2013\projects\cc_chmod\cc_chmod\source.cpp(102): warning C4996: 'scanf': This function or variable may be unsafe. Consider using scanf_s instead. To disable deprecation, use _CRT_SECURE_NO_WARNINGS. See online help for details.
                 c:\program files (x86)\microsoft visual studio 12.0\vc\include\stdio.h(283) : see declaration of 'scanf'
     1>d:\my_documents\visual studio 2013\projects\cc_chmod\cc_chmod\source.cpp(112): warning C4996: 'scanf': This function or variable may be unsafe. Consider using scanf_s instead. To disable deprecation, use _CRT_SECURE_NO_WARNINGS. See online help for details.
                 c:\program files (x86)\microsoft visual studio 12.0\vc\include\stdio.h(283) : see declaration of 'scanf'
     1>d:\my_documents\visual studio 2013\projects\cc_chmod\cc_chmod\source.cpp(116): warning C4996: 'scanf': This function or variable may be unsafe. Consider using scanf_s instead. To disable deprecation, use _CRT_SECURE_NO_WARNINGS. See online help for details.
                 c:\program files (x86)\microsoft visual studio 12.0\vc\include\stdio.h(283) : see declaration of 'scanf'
       Link:
         C:\Program Files (x86)\Microsoft Visual Studio 12.0\VC\bin\link.exe /ERRORREPORT:PROMPT /OUT:"D:\my_documents\Visual Studio 2013\Projects\CC_CHMOD\Debug\CC_CHMOD.exe" /INCREMENTAL /NOLOGO kernel32.lib user32.lib gdi32.lib winspool.lib comdlg32.lib advapi32.lib shell32.lib ole32.lib oleaut32.lib uuid.lib odbc32.lib odbccp32.lib /MANIFEST /MANIFESTUAC:"level='asInvoker' uiAccess='false'" /manifest:embed /DEBUG /PDB:"D:\my_documents\Visual Studio 2013\Projects\CC_CHMOD\Debug\CC_CHMOD.pdb" /SUBSYSTEM:CONSOLE /TLBID:1 /DYNAMICBASE /NXCOMPAT /IMPLIB:"D:\my_documents\Visual Studio 2013\Projects\CC_CHMOD\Debug\CC_CHMOD.lib" /MACHINE:X86 Debug\CHMOD.obj
         Debug\Source.obj
         CC_CHMOD.vcxproj -> D:\my_documents\Visual Studio 2013\Projects\CC_CHMOD\Debug\CC_CHMOD.exe
     1>Done Building Project "D:\my_documents\Visual Studio 2013\Projects\CC_CHMOD\CC_CHMOD\CC_CHMOD.vcxproj" (Build target(s)).

Build succeeded.

Time Elapsed 00:00:01.07
